{
  "RSpec": {
    "coverage": {
      "/home/sparsell/tic-tac-toe-rb-online-web-sp-000/lib/tic_tac_toe.rb": [
        null,
        null,
        1,
        null,
        null,
        null,
        null,
        null,
        null,
        null,
        null,
        null,
        1,
        null,
        1,
        18,
        18,
        18,
        18,
        18,
        null,
        null,
        1,
        null,
        1,
        17,
        null,
        null,
        1,
        17,
        null,
        null,
        1,
        17,
        null,
        null,
        1,
        17,
        null,
        null,
        null,
        1,
        17,
        17,
        17,
        17,
        17,
        17,
        17,
        null,
        0,
        null,
        null,
        null,
        null,
        1,
        17,
        17,
        153,
        26,
        null,
        null,
        17,
        null,
        null,
        null,
        1,
        17,
        11,
        null,
        6,
        null,
        null,
        null,
        null,
        1,
        42,
        298,
        6,
        292,
        2,
        null,
        290,
        null,
        null,
        null,
        null,
        1,
        26,
        108,
        null,
        null,
        null,
        null,
        1,
        16,
        null,
        null,
        null,
        1,
        18,
        null,
        null,
        null,
        1,
        4,
        13,
        3,
        10,
        1,
        null,
        9,
        null,
        null,
        null,
        null,
        null,
        1,
        12,
        17,
        null,
        null,
        12,
        5,
        7,
        3,
        null,
        null
      ]
    },
    "timestamp": 1584614881
  }
}
