{
  "RSpec": {
    "coverage": {
      "/home/sparsell/tic-tac-toe-rb-online-web-sp-000/lib/tic_tac_toe.rb": [
        null,
        null,
        1,
        null,
        null,
        null,
        null,
        null,
        null,
        null,
        null,
        null,
        1,
        null,
        1,
        11,
        11,
        11,
        11,
        11,
        null,
        null,
        1,
        null,
        1,
        956,
        null,
        null,
        1,
        11,
        null,
        null,
        1,
        958,
        null,
        null,
        1,
        956,
        null,
        null,
        null,
        1,
        954,
        953,
        953,
        953,
        8,
        8,
        null,
        945,
        null,
        null,
        null,
        null,
        1,
        2,
        2,
        18,
        5,
        null,
        null,
        2,
        null,
        null,
        null,
        1,
        1,
        1,
        null,
        0,
        null,
        null,
        null,
        null,
        1,
        11,
        81,
        4,
        77,
        0,
        null,
        77,
        null,
        null,
        null,
        null,
        1,
        7,
        42,
        null,
        null,
        null,
        null,
        1,
        7,
        null,
        null,
        null,
        1,
        3,
        null,
        null,
        null,
        1,
        3,
        20,
        1,
        19,
        1,
        null,
        18,
        null,
        null,
        null,
        null,
        null,
        1,
        4,
        4,
        7,
        null,
        null,
        null,
        null,
        null,
        null
      ]
    },
    "timestamp": 1584469935
  }
}
